<?xml version="1.0" encoding="UTF-8" standalone="no"?><testsuite errors="0" failures="1" name="como usuario quiero validar el login en la pagina orange" skipped="0" tests="1" time="31.22" timestamp="2025-11-13 08:35:47"><testcase name="Validar Login exitoso."><failure message="&#13;&#10;Expected: an element that is visible&#13;&#10;     but: no matching element found by [loginExitoso located with: xpath: (//div[@class='oxd-topbar-header'])[1]]" type="java.lang.AssertionError">&#13;
Expected: an element that is visible&#13;
     but: no matching element found by [loginExitoso located with: xpath: (//div[@class='oxd-topbar-header'])[1]]</failure><system-err>&#13;
Expected: an element that is visible&#13;
     but: no matching element found by [loginExitoso located with: xpath: (//div[@class='oxd-topbar-header'])[1]]&#13;
stepdefinitions.loginStep.seVisualizaraElNombreDelUsuarioConLaFoto(loginStep.java:42)&#13;
worker.org.gradle.process.internal.worker.GradleWorkerMain.run(GradleWorkerMain.java:69)&#13;
worker.org.gradle.process.internal.worker.GradleWorkerMain.main(GradleWorkerMain.java:74)&#13;
</system-err></testcase></testsuite>