<?xml version="1.0" encoding="UTF-8" standalone="no"?><testsuite errors="0" failures="0" name="como usuario quiero validar el login en la pagina orange" skipped="1" tests="1" time="0.75" timestamp="2025-10-27 07:47:38"><testcase name="Validar Login exitoso."><compromised message="No page defined with the name 'null'" type="net.serenitybdd.screenplay.actions.UnknownPageException">No page defined with the name 'null'</compromised><system-err>No page defined with the name 'null'&#13;
stepdefinitions.loginStep.queelusuarioingresealapaginadeorange(loginStep.java:17)&#13;
worker.org.gradle.process.internal.worker.GradleWorkerMain.run(GradleWorkerMain.java:69)&#13;
worker.org.gradle.process.internal.worker.GradleWorkerMain.main(GradleWorkerMain.java:74)&#13;
</system-err></testcase></testsuite>